nohup: no se tendrá en cuenta la entrada
Esperando captcha...
<NoneElement method=ele(), locator= .cb-lb input, index=1, timeout=10>
<NoneElement method=ele(), locator= .cb-lb input, index=1, timeout=10>
Botón habilitado ✅
Haciendo click...
✅ ¡Mensaje enviado al canal con éxito!
✅ ¡Mensaje enviado al canal con éxito!
✅ ¡Mensaje enviado al canal con éxito!
✅ ¡Mensaje enviado al canal con éxito!
✅ ¡Mensaje enviado al canal con éxito!
✅ ¡Mensaje enviado al canal con éxito!
✅ ¡Mensaje enviado al canal con éxito!
✅ ¡Mensaje enviado al canal con éxito!
✅ ¡Mensaje enviado al canal con éxito!
✅ ¡Mensaje enviado al canal con éxito!
✅ ¡Mensaje enviado al canal con éxito!
✅ ¡Mensaje enviado al canal con éxito!
✅ ¡Mensaje enviado al canal con éxito!
✅ ¡Mensaje enviado al canal con éxito!
Esperando 60s...
Esperando captcha...
<NoneElement method=ele(), locator= .cb-lb input, index=1, timeout=10>
Botón habilitado ✅
Haciendo click...
✅ ¡Mensaje enviado al canal con éxito!
✅ ¡Mensaje enviado al canal con éxito!
✅ ¡Mensaje enviado al canal con éxito!
✅ ¡Mensaje enviado al canal con éxito!
✅ ¡Mensaje enviado al canal con éxito!
✅ ¡Mensaje enviado al canal con éxito!
✅ ¡Mensaje enviado al canal con éxito!
✅ ¡Mensaje enviado al canal con éxito!
✅ ¡Mensaje enviado al canal con éxito!
❌ Error de conexión: ('Connection aborted.', ConnectionResetError(104, 'Connection reset by peer'))
❌ Error de conexión: ('Connection aborted.', ConnectionResetError(104, 'Connection reset by peer'))
✅ ¡Mensaje enviado al canal con éxito!
✅ ¡Mensaje enviado al canal con éxito!
✅ ¡Mensaje enviado al canal con éxito!
Esperando 60s...
Esperando captcha...
<NoneElement method=ele(), locator= .cb-lb input, index=1, timeout=10>
Botón habilitado ✅
Haciendo click...
✅ ¡Mensaje enviado al canal con éxito!
✅ ¡Mensaje enviado al canal con éxito!
✅ ¡Mensaje enviado al canal con éxito!
✅ ¡Mensaje enviado al canal con éxito!
✅ ¡Mensaje enviado al canal con éxito!
✅ ¡Mensaje enviado al canal con éxito!
✅ ¡Mensaje enviado al canal con éxito!
✅ ¡Mensaje enviado al canal con éxito!
✅ ¡Mensaje enviado al canal con éxito!
✅ ¡Mensaje enviado al canal con éxito!
✅ ¡Mensaje enviado al canal con éxito!
✅ ¡Mensaje enviado al canal con éxito!
✅ ¡Mensaje enviado al canal con éxito!
✅ ¡Mensaje enviado al canal con éxito!
Esperando 60s...
Esperando captcha...
<NoneElement method=ele(), locator= .cb-lb input, index=1, timeout=10>
Botón habilitado ✅
Haciendo click...
✅ ¡Mensaje enviado al canal con éxito!
✅ ¡Mensaje enviado al canal con éxito!
✅ ¡Mensaje enviado al canal con éxito!
✅ ¡Mensaje enviado al canal con éxito!
✅ ¡Mensaje enviado al canal con éxito!
✅ ¡Mensaje enviado al canal con éxito!
✅ ¡Mensaje enviado al canal con éxito!
✅ ¡Mensaje enviado al canal con éxito!
✅ ¡Mensaje enviado al canal con éxito!
✅ ¡Mensaje enviado al canal con éxito!
✅ ¡Mensaje enviado al canal con éxito!
✅ ¡Mensaje enviado al canal con éxito!
✅ ¡Mensaje enviado al canal con éxito!
✅ ¡Mensaje enviado al canal con éxito!
Esperando 60s...
Esperando captcha...
Botón habilitado ✅
Haciendo click...
✅ ¡Mensaje enviado al canal con éxito!
✅ ¡Mensaje enviado al canal con éxito!
✅ ¡Mensaje enviado al canal con éxito!
✅ ¡Mensaje enviado al canal con éxito!
✅ ¡Mensaje enviado al canal con éxito!
✅ ¡Mensaje enviado al canal con éxito!
✅ ¡Mensaje enviado al canal con éxito!
✅ ¡Mensaje enviado al canal con éxito!
✅ ¡Mensaje enviado al canal con éxito!
✅ ¡Mensaje enviado al canal con éxito!
✅ ¡Mensaje enviado al canal con éxito!
✅ ¡Mensaje enviado al canal con éxito!
✅ ¡Mensaje enviado al canal con éxito!
✅ ¡Mensaje enviado al canal con éxito!
Esperando 60s...
Esperando captcha...
<NoneElement method=ele(), locator= .cb-lb input, index=1, timeout=10>
Botón habilitado ✅
Haciendo click...
✅ ¡Mensaje enviado al canal con éxito!
✅ ¡Mensaje enviado al canal con éxito!
✅ ¡Mensaje enviado al canal con éxito!
✅ ¡Mensaje enviado al canal con éxito!
✅ ¡Mensaje enviado al canal con éxito!
✅ ¡Mensaje enviado al canal con éxito!
✅ ¡Mensaje enviado al canal con éxito!
✅ ¡Mensaje enviado al canal con éxito!
✅ ¡Mensaje enviado al canal con éxito!
✅ ¡Mensaje enviado al canal con éxito!
✅ ¡Mensaje enviado al canal con éxito!
✅ ¡Mensaje enviado al canal con éxito!
✅ ¡Mensaje enviado al canal con éxito!
✅ ¡Mensaje enviado al canal con éxito!
Esperando 60s...
Esperando captcha...
<NoneElement method=ele(), locator= .cb-lb input, index=1, timeout=10>
<NoneElement method=ele(), locator= .cb-lb input, index=1, timeout=10>
<NoneElement method=ele(), locator= .cb-lb input, index=1, timeout=10>
<NoneElement method=ele(), locator= .cb-lb input, index=1, timeout=10>
<NoneElement method=ele(), locator= .cb-lb input, index=1, timeout=10>
<NoneElement method=ele(), locator= .cb-lb input, index=1, timeout=10>
<NoneElement method=ele(), locator= .cb-lb input, index=1, timeout=10>
Botón habilitado ✅
Haciendo click...
✅ ¡Mensaje enviado al canal con éxito!
✅ ¡Mensaje enviado al canal con éxito!
✅ ¡Mensaje enviado al canal con éxito!
✅ ¡Mensaje enviado al canal con éxito!
✅ ¡Mensaje enviado al canal con éxito!
✅ ¡Mensaje enviado al canal con éxito!
✅ ¡Mensaje enviado al canal con éxito!
✅ ¡Mensaje enviado al canal con éxito!
✅ ¡Mensaje enviado al canal con éxito!
✅ ¡Mensaje enviado al canal con éxito!
✅ ¡Mensaje enviado al canal con éxito!
✅ ¡Mensaje enviado al canal con éxito!
✅ ¡Mensaje enviado al canal con éxito!
✅ ¡Mensaje enviado al canal con éxito!
Esperando 60s...
Esperando captcha...
Botón habilitado ✅
Haciendo click...
✅ ¡Mensaje enviado al canal con éxito!
✅ ¡Mensaje enviado al canal con éxito!
✅ ¡Mensaje enviado al canal con éxito!
✅ ¡Mensaje enviado al canal con éxito!
✅ ¡Mensaje enviado al canal con éxito!
✅ ¡Mensaje enviado al canal con éxito!
✅ ¡Mensaje enviado al canal con éxito!
✅ ¡Mensaje enviado al canal con éxito!
✅ ¡Mensaje enviado al canal con éxito!
✅ ¡Mensaje enviado al canal con éxito!
✅ ¡Mensaje enviado al canal con éxito!
✅ ¡Mensaje enviado al canal con éxito!
✅ ¡Mensaje enviado al canal con éxito!
✅ ¡Mensaje enviado al canal con éxito!
Esperando 60s...
Esperando captcha...
<NoneElement method=ele(), locator= .cb-lb input, index=1, timeout=10>
<NoneElement method=ele(), locator= .cb-lb input, index=1, timeout=10>
<NoneElement method=ele(), locator= .cb-lb input, index=1, timeout=10>
<NoneElement method=ele(), locator= .cb-lb input, index=1, timeout=10>
<NoneElement method=ele(), locator= .cb-lb input, index=1, timeout=10>
<NoneElement method=ele(), locator= .cb-lb input, index=1, timeout=10>
<NoneElement method=ele(), locator= .cb-lb input, index=1, timeout=10>
<NoneElement method=ele(), locator= .cb-lb input, index=1, timeout=10>
Botón habilitado ✅
Haciendo click...
✅ ¡Mensaje enviado al canal con éxito!
✅ ¡Mensaje enviado al canal con éxito!
✅ ¡Mensaje enviado al canal con éxito!
✅ ¡Mensaje enviado al canal con éxito!
✅ ¡Mensaje enviado al canal con éxito!
✅ ¡Mensaje enviado al canal con éxito!
✅ ¡Mensaje enviado al canal con éxito!
✅ ¡Mensaje enviado al canal con éxito!
✅ ¡Mensaje enviado al canal con éxito!
✅ ¡Mensaje enviado al canal con éxito!
✅ ¡Mensaje enviado al canal con éxito!
✅ ¡Mensaje enviado al canal con éxito!
✅ ¡Mensaje enviado al canal con éxito!
✅ ¡Mensaje enviado al canal con éxito!
Esperando 60s...
Esperando captcha...
<NoneElement method=ele(), locator= .cb-lb input, index=1, timeout=10>
Botón habilitado ✅
Haciendo click...
✅ ¡Mensaje enviado al canal con éxito!
✅ ¡Mensaje enviado al canal con éxito!
✅ ¡Mensaje enviado al canal con éxito!
✅ ¡Mensaje enviado al canal con éxito!
✅ ¡Mensaje enviado al canal con éxito!
✅ ¡Mensaje enviado al canal con éxito!
✅ ¡Mensaje enviado al canal con éxito!
✅ ¡Mensaje enviado al canal con éxito!
✅ ¡Mensaje enviado al canal con éxito!
✅ ¡Mensaje enviado al canal con éxito!
✅ ¡Mensaje enviado al canal con éxito!
✅ ¡Mensaje enviado al canal con éxito!
✅ ¡Mensaje enviado al canal con éxito!
✅ ¡Mensaje enviado al canal con éxito!
Esperando 60s...
Esperando captcha...
Botón habilitado ✅
Haciendo click...
✅ ¡Mensaje enviado al canal con éxito!
✅ ¡Mensaje enviado al canal con éxito!
✅ ¡Mensaje enviado al canal con éxito!
✅ ¡Mensaje enviado al canal con éxito!
✅ ¡Mensaje enviado al canal con éxito!
✅ ¡Mensaje enviado al canal con éxito!
✅ ¡Mensaje enviado al canal con éxito!
✅ ¡Mensaje enviado al canal con éxito!
✅ ¡Mensaje enviado al canal con éxito!
✅ ¡Mensaje enviado al canal con éxito!
✅ ¡Mensaje enviado al canal con éxito!
✅ ¡Mensaje enviado al canal con éxito!
✅ ¡Mensaje enviado al canal con éxito!
✅ ¡Mensaje enviado al canal con éxito!
Esperando 60s...
Esperando captcha...
<NoneElement method=ele(), locator= .cb-lb input, index=1, timeout=10>
Botón habilitado ✅
Haciendo click...
✅ ¡Mensaje enviado al canal con éxito!
✅ ¡Mensaje enviado al canal con éxito!
✅ ¡Mensaje enviado al canal con éxito!
✅ ¡Mensaje enviado al canal con éxito!
✅ ¡Mensaje enviado al canal con éxito!
✅ ¡Mensaje enviado al canal con éxito!
✅ ¡Mensaje enviado al canal con éxito!
✅ ¡Mensaje enviado al canal con éxito!
✅ ¡Mensaje enviado al canal con éxito!
✅ ¡Mensaje enviado al canal con éxito!
✅ ¡Mensaje enviado al canal con éxito!
✅ ¡Mensaje enviado al canal con éxito!
✅ ¡Mensaje enviado al canal con éxito!
✅ ¡Mensaje enviado al canal con éxito!
Esperando 60s...
Esperando captcha...
<NoneElement method=ele(), locator= .cb-lb input, index=1, timeout=10>
Botón habilitado ✅
Haciendo click...
✅ ¡Mensaje enviado al canal con éxito!
✅ ¡Mensaje enviado al canal con éxito!
✅ ¡Mensaje enviado al canal con éxito!
✅ ¡Mensaje enviado al canal con éxito!
✅ ¡Mensaje enviado al canal con éxito!
✅ ¡Mensaje enviado al canal con éxito!
✅ ¡Mensaje enviado al canal con éxito!
✅ ¡Mensaje enviado al canal con éxito!
✅ ¡Mensaje enviado al canal con éxito!
✅ ¡Mensaje enviado al canal con éxito!
✅ ¡Mensaje enviado al canal con éxito!
✅ ¡Mensaje enviado al canal con éxito!
✅ ¡Mensaje enviado al canal con éxito!
✅ ¡Mensaje enviado al canal con éxito!
Esperando 60s...
Esperando captcha...
Botón habilitado ✅
Haciendo click...
Esperando captcha...
<NoneElement method=ele(), locator= .cb-lb input, index=1, timeout=10>
Botón habilitado ✅
Haciendo click...
✅ ¡Mensaje enviado al canal con éxito!
✅ ¡Mensaje enviado al canal con éxito!
✅ ¡Mensaje enviado al canal con éxito!
✅ ¡Mensaje enviado al canal con éxito!
✅ ¡Mensaje enviado al canal con éxito!
✅ ¡Mensaje enviado al canal con éxito!
✅ ¡Mensaje enviado al canal con éxito!
✅ ¡Mensaje enviado al canal con éxito!
✅ ¡Mensaje enviado al canal con éxito!
✅ ¡Mensaje enviado al canal con éxito!
✅ ¡Mensaje enviado al canal con éxito!
✅ ¡Mensaje enviado al canal con éxito!
✅ ¡Mensaje enviado al canal con éxito!
✅ ¡Mensaje enviado al canal con éxito!
Esperando 60s...
Esperando captcha...
<NoneElement method=ele(), locator= .cb-lb input, index=1, timeout=10>
<NoneElement method=ele(), locator= .cb-lb input, index=1, timeout=10>
<NoneElement method=ele(), locator= .cb-lb input, index=1, timeout=10>
<NoneElement method=ele(), locator= .cb-lb input, index=1, timeout=10>
<NoneElement method=ele(), locator= .cb-lb input, index=1, timeout=10>
<NoneElement method=ele(), locator= .cb-lb input, index=1, timeout=10>
<NoneElement method=ele(), locator= .cb-lb input, index=1, timeout=10>
<NoneElement method=ele(), locator= .cb-lb input, index=1, timeout=10>
<NoneElement method=ele(), locator= .cb-lb input, index=1, timeout=10>
<NoneElement method=ele(), locator= .cb-lb input, index=1, timeout=10>
<NoneElement method=ele(), locator= .cb-lb input, index=1, timeout=10>
<NoneElement method=ele(), locator= .cb-lb input, index=1, timeout=10>
<NoneElement method=ele(), locator= .cb-lb input, index=1, timeout=10>
<NoneElement method=ele(), locator= .cb-lb input, index=1, timeout=10>
Botón habilitado ✅
Haciendo click...
✅ ¡Mensaje enviado al canal con éxito!
✅ ¡Mensaje enviado al canal con éxito!
✅ ¡Mensaje enviado al canal con éxito!
✅ ¡Mensaje enviado al canal con éxito!
✅ ¡Mensaje enviado al canal con éxito!
✅ ¡Mensaje enviado al canal con éxito!
✅ ¡Mensaje enviado al canal con éxito!
✅ ¡Mensaje enviado al canal con éxito!
✅ ¡Mensaje enviado al canal con éxito!
✅ ¡Mensaje enviado al canal con éxito!
✅ ¡Mensaje enviado al canal con éxito!
✅ ¡Mensaje enviado al canal con éxito!
✅ ¡Mensaje enviado al canal con éxito!
✅ ¡Mensaje enviado al canal con éxito!
Esperando 60s...
Esperando captcha...
<NoneElement method=ele(), locator= .cb-lb input, index=1, timeout=10>
Botón habilitado ✅
Haciendo click...
✅ ¡Mensaje enviado al canal con éxito!
✅ ¡Mensaje enviado al canal con éxito!
✅ ¡Mensaje enviado al canal con éxito!
✅ ¡Mensaje enviado al canal con éxito!
✅ ¡Mensaje enviado al canal con éxito!
✅ ¡Mensaje enviado al canal con éxito!
✅ ¡Mensaje enviado al canal con éxito!
✅ ¡Mensaje enviado al canal con éxito!
❌ Error de conexión: ('Connection aborted.', ConnectionResetError(104, 'Connection reset by peer'))
✅ ¡Mensaje enviado al canal con éxito!
✅ ¡Mensaje enviado al canal con éxito!
✅ ¡Mensaje enviado al canal con éxito!
✅ ¡Mensaje enviado al canal con éxito!
✅ ¡Mensaje enviado al canal con éxito!
Esperando 60s...
Esperando captcha...
<NoneElement method=ele(), locator= .cb-lb input, index=1, timeout=10>
<NoneElement method=ele(), locator= .cb-lb input, index=1, timeout=10>
<NoneElement method=ele(), locator= .cb-lb input, index=1, timeout=10>
<NoneElement method=ele(), locator= .cb-lb input, index=1, timeout=10>
<NoneElement method=ele(), locator= .cb-lb input, index=1, timeout=10>
<NoneElement method=ele(), locator= .cb-lb input, index=1, timeout=10>
Botón habilitado ✅
Haciendo click...
✅ ¡Mensaje enviado al canal con éxito!
✅ ¡Mensaje enviado al canal con éxito!
✅ ¡Mensaje enviado al canal con éxito!
✅ ¡Mensaje enviado al canal con éxito!
✅ ¡Mensaje enviado al canal con éxito!
✅ ¡Mensaje enviado al canal con éxito!
✅ ¡Mensaje enviado al canal con éxito!
✅ ¡Mensaje enviado al canal con éxito!
✅ ¡Mensaje enviado al canal con éxito!
✅ ¡Mensaje enviado al canal con éxito!
✅ ¡Mensaje enviado al canal con éxito!
✅ ¡Mensaje enviado al canal con éxito!
✅ ¡Mensaje enviado al canal con éxito!
✅ ¡Mensaje enviado al canal con éxito!
Esperando 60s...
Esperando captcha...
<NoneElement method=ele(), locator= .cb-lb input, index=1, timeout=10>
<NoneElement method=ele(), locator= .cb-lb input, index=1, timeout=10>
<NoneElement method=ele(), locator= .cb-lb input, index=1, timeout=10>
Botón habilitado ✅
Haciendo click...
✅ ¡Mensaje enviado al canal con éxito!
✅ ¡Mensaje enviado al canal con éxito!
✅ ¡Mensaje enviado al canal con éxito!
✅ ¡Mensaje enviado al canal con éxito!
✅ ¡Mensaje enviado al canal con éxito!
✅ ¡Mensaje enviado al canal con éxito!
✅ ¡Mensaje enviado al canal con éxito!
✅ ¡Mensaje enviado al canal con éxito!
✅ ¡Mensaje enviado al canal con éxito!
✅ ¡Mensaje enviado al canal con éxito!
✅ ¡Mensaje enviado al canal con éxito!
✅ ¡Mensaje enviado al canal con éxito!
✅ ¡Mensaje enviado al canal con éxito!
✅ ¡Mensaje enviado al canal con éxito!
Esperando 60s...
Esperando captcha...
Botón habilitado ✅
Haciendo click...
✅ ¡Mensaje enviado al canal con éxito!
✅ ¡Mensaje enviado al canal con éxito!
✅ ¡Mensaje enviado al canal con éxito!
✅ ¡Mensaje enviado al canal con éxito!
✅ ¡Mensaje enviado al canal con éxito!
✅ ¡Mensaje enviado al canal con éxito!
✅ ¡Mensaje enviado al canal con éxito!
✅ ¡Mensaje enviado al canal con éxito!
✅ ¡Mensaje enviado al canal con éxito!
✅ ¡Mensaje enviado al canal con éxito!
✅ ¡Mensaje enviado al canal con éxito!
✅ ¡Mensaje enviado al canal con éxito!
✅ ¡Mensaje enviado al canal con éxito!
✅ ¡Mensaje enviado al canal con éxito!
Esperando 60s...
Esperando captcha...
<NoneElement method=ele(), locator= .cb-lb input, index=1, timeout=10>
Botón habilitado ✅
Haciendo click...
✅ ¡Mensaje enviado al canal con éxito!
❌ Error de conexión: ('Connection aborted.', ConnectionResetError(104, 'Connection reset by peer'))
✅ ¡Mensaje enviado al canal con éxito!
✅ ¡Mensaje enviado al canal con éxito!
✅ ¡Mensaje enviado al canal con éxito!
✅ ¡Mensaje enviado al canal con éxito!
✅ ¡Mensaje enviado al canal con éxito!
✅ ¡Mensaje enviado al canal con éxito!
✅ ¡Mensaje enviado al canal con éxito!
✅ ¡Mensaje enviado al canal con éxito!
✅ ¡Mensaje enviado al canal con éxito!
✅ ¡Mensaje enviado al canal con éxito!
✅ ¡Mensaje enviado al canal con éxito!
✅ ¡Mensaje enviado al canal con éxito!
Esperando 60s...
